<?xml version="1.0" encoding="UTF-8"?>
<testsuite xmlns:xsi="http://www.w3.org/2001/XMLSchema-instance" xsi:noNamespaceSchemaLocation="https://maven.apache.org/surefire/maven-surefire-plugin/xsd/surefire-test-report-3.0.xsd" version="3.0" name="com.veterinaria.controller.AdopcionControllerTest" time="2.854" tests="3" errors="0" skipped="0" failures="0">
  <properties>
[...]
</properties>
  <testcase name="getDisponibles_debeRetornar200" classname="com.veterinaria.controller.AdopcionControllerTest" time="0.152">
    <system-out><![CDATA[22:53:04.062 [main] INFO org.springframework.test.context.support.AnnotationConfigContextLoaderUtils -- Could not detect default configuration classes for test class [com.veterinaria.controller.AdopcionControllerTest]: AdopcionControllerTest does not declare any static, non-private, non-final, nested classes annotated with @Configuration.
22:53:04.249 [main] INFO org.springframework.boot.test.context.SpringBootTestContextBootstrapper -- Found @SpringBootConfiguration com.veterinaria.ProyectoVeterinariaApplication for test class com.veterinaria.controller.AdopcionControllerTest

  .   ____          _            __ _ _
 /\\ / ___'_ __ _ _(_)_ __  __ _ \ \ \ \
( ( )\___ | '_ | '_| | '_ \/ _` | \ \ \ \
 \\/  ___)| |_)| | | | | || (_| |  ) ) ) )
  '  |____| .__|_| |_|_| |_\__, | / / / /
 =========|_|==============|___/=/_/_/_/
 :: Spring Boot ::                (v3.2.0)

2026-05-22T22:53:04.632-05:00  INFO 5596 --- [proyecto-veterinaria] [           main] c.v.controller.AdopcionControllerTest    : Starting AdopcionControllerTest using Java 24.0.2 with PID 5596 (started by USER in C:\Users\USER\Desktop\proyecto-veterinaria)
2026-05-22T22:53:04.633-05:00  INFO 5596 --- [proyecto-veterinaria] [           main] c.v.controller.AdopcionControllerTest    : No active profile set, falling back to 1 default profile: "default"
2026-05-22T22:53:06.301-05:00  WARN 5596 --- [proyecto-veterinaria] [           main] .s.s.UserDetailsServiceAutoConfiguration : 

Using generated security password: 4f7801e8-cd35-4441-bc5b-d4bc0a621535

This generated password is for development use only. Your security configuration must be updated before running your application in production.

2026-05-22T22:53:06.410-05:00  INFO 5596 --- [proyecto-veterinaria] [           main] o.s.s.web.DefaultSecurityFilterChain     : Will secure any request with [org.springframework.security.web.session.DisableEncodeUrlFilter@b5312df, org.springframework.security.web.context.request.async.WebAsyncManagerIntegrationFilter@4300e240, org.springframework.security.web.context.SecurityContextHolderFilter@9f0fc36, org.springframework.security.web.header.HeaderWriterFilter@4fd80300, org.springframework.web.filter.CorsFilter@5f409872, org.springframework.security.web.csrf.CsrfFilter@23c7cb18, org.springframework.security.web.authentication.logout.LogoutFilter@4438b862, org.springframework.security.web.authentication.UsernamePasswordAuthenticationFilter@4ab66127, org.springframework.security.web.authentication.ui.DefaultLoginPageGeneratingFilter@ce561cc, org.springframework.security.web.authentication.ui.DefaultLogoutPageGeneratingFilter@547aaa32, org.springframework.security.web.authentication.www.BasicAuthenticationFilter@46ab4efc, org.springframework.security.web.savedrequest.RequestCacheAwareFilter@5a06904, org.springframework.security.web.servletapi.SecurityContextHolderAwareRequestFilter@fabef2e, org.springframework.security.web.authentication.AnonymousAuthenticationFilter@472c9f88, org.springframework.security.web.access.ExceptionTranslationFilter@2ab9e43e, org.springframework.security.web.access.intercept.AuthorizationFilter@794c5f5e]
2026-05-22T22:53:06.441-05:00  INFO 5596 --- [proyecto-veterinaria] [           main] o.s.b.t.m.w.SpringBootMockServletContext : Initializing Spring TestDispatcherServlet ''
2026-05-22T22:53:06.441-05:00  INFO 5596 --- [proyecto-veterinaria] [           main] o.s.t.web.servlet.TestDispatcherServlet  : Initializing Servlet ''
2026-05-22T22:53:06.442-05:00  INFO 5596 --- [proyecto-veterinaria] [           main] o.s.t.web.servlet.TestDispatcherServlet  : Completed initialization in 1 ms
2026-05-22T22:53:06.464-05:00  INFO 5596 --- [proyecto-veterinaria] [           main] c.v.controller.AdopcionControllerTest    : Started AdopcionControllerTest in 2.146 seconds (process running for 3.123)
]]></system-out>
    <system-err><![CDATA[Mockito is currently self-attaching to enable the inline-mock-maker. This will no longer work in future releases of the JDK. Please add Mockito as an agent to your build as described in Mockito's documentation: https://javadoc.io/doc/org.mockito/mockito-core/latest/org/mockito/Mockito.html#0.3
WARNING: A Java agent has been loaded dynamically (C:\Users\USER\.m2\repository\net\bytebuddy\byte-buddy-agent\1.15.11\byte-buddy-agent-1.15.11.jar)
WARNING: If a serviceability tool is in use, please run with -XX:+EnableDynamicAgentLoading to hide this warning
WARNING: If a serviceability tool is not in use, please run with -Djdk.instrument.traceUsage for more information
WARNING: Dynamic loading of agents will be disallowed by default in a future release
]]></system-err>
  </testcase>
  <testcase name="enviarSolicitud_debeRetornar200" classname="com.veterinaria.controller.AdopcionControllerTest" time="0.096"/>
  <testcase name="actualizarEstado_debeRetornar200" classname="com.veterinaria.controller.AdopcionControllerTest" time="0.012"/>
</testsuite>